<?xml version="1.0" encoding="UTF-8"?>
<TestRun id="fd7baa0a-5558-4313-a577-a29aeb880a46" name="moctis@MOCPC 2012-02-21 23:32:32" runUser="MocPC\moctis" xmlns="http://microsoft.com/schemas/VisualStudio/TeamTest/2010">
  <TestSettings name="Local" id="368e879d-e959-4889-810e-dd16780118e7">
    <Description>These are default test settings for a local test run.</Description>
    <Deployment enabled="false" runDeploymentRoot="moctis_MOCPC 2012-02-21 23_32_32" />
    <Execution>
      <TestTypeSpecific />
      <AgentRule name="Execution Agents">
      </AgentRule>
    </Execution>
  </TestSettings>
  <Times creation="2012-02-21T23:32:32.4394531+07:00" queuing="2012-02-21T23:32:33.9257812+07:00" start="2012-02-21T23:32:35.8261718+07:00" finish="2012-02-21T23:32:37.6445312+07:00" />
  <ResultSummary outcome="Warning">
    <Counters total="1" executed="1" passed="1" error="0" failed="0" timeout="0" aborted="0" inconclusive="0" passedButRunAborted="0" notRunnable="0" notExecuted="0" disconnected="0" warning="0" completed="0" inProgress="0" pending="0" />
    <RunInfos>
      <RunInfo computerName="MOCPC" outcome="Warning" timestamp="2012-02-21T23:32:32.7666015+07:00">
        <Text>Deployment is currently disabled. The deployment item 'EveEnv.dll' on test 'TestProject1.EveFileTest.GetProcessListTest' was not deployed.</Text>
      </RunInfo>
    </RunInfos>
  </ResultSummary>
  <TestDefinitions>
    <UnitTest name="GetProcessListTest" storage="d:\projects\gamebot\testproject1\bin\debug\testproject1.dll" id="f9a6843a-06da-0ba9-fbf3-b276906f2820">
      <Execution timeOut="1800000" id="eba529da-f104-4b55-8cab-63507cf07e4c" />
      <DeploymentItems>
        <DeploymentItem filename="EveEnv.dll" />
      </DeploymentItems>
      <TestMethod codeBase="D:/Projects/GameBot/TestProject1/bin/Debug/TestProject1.DLL" adapterTypeName="Microsoft.VisualStudio.TestTools.TestTypes.Unit.UnitTestAdapter, Microsoft.VisualStudio.QualityTools.Tips.UnitTest.Adapter, Version=10.0.0.0, Culture=neutral, PublicKeyToken=b03f5f7f11d50a3a" className="TestProject1.EveFileTest, TestProject1, Version=1.0.0.0, Culture=neutral, PublicKeyToken=null" name="GetProcessListTest" />
    </UnitTest>
  </TestDefinitions>
  <TestLists>
    <TestList name="Results Not in a List" id="8c84fa94-04c1-424b-9868-57a2d4851a1d" />
    <TestList name="All Loaded Results" id="19431567-8539-422a-85d7-44ee4e166bda" />
  </TestLists>
  <TestEntries>
    <TestEntry testId="f9a6843a-06da-0ba9-fbf3-b276906f2820" executionId="eba529da-f104-4b55-8cab-63507cf07e4c" testListId="8c84fa94-04c1-424b-9868-57a2d4851a1d" />
  </TestEntries>
  <Results>
    <UnitTestResult executionId="eba529da-f104-4b55-8cab-63507cf07e4c" testId="f9a6843a-06da-0ba9-fbf3-b276906f2820" testName="GetProcessListTest" computerName="MOCPC" duration="00:00:00.6112620" startTime="2012-02-21T23:32:36.2822265+07:00" endTime="2012-02-21T23:32:37.0849609+07:00" testType="13cdc9d9-ddb5-4fa4-a97d-d965ccfc6d4b" outcome="Passed" testListId="8c84fa94-04c1-424b-9868-57a2d4851a1d" relativeResultsDirectory="eba529da-f104-4b55-8cab-63507cf07e4c">
      <Output>
        <StdOut>EVE
EVE - MoctisMining</StdOut>
      </Output>
    </UnitTestResult>
  </Results>
</TestRun>