<?xml version="1.0" encoding="UTF-8"?>
<TestRun id="7f4747ca-8a83-4c13-8228-5b12495b112c" name="moctis@MOCPC 2012-02-27 01:27:09" runUser="MocPC\moctis" xmlns="http://microsoft.com/schemas/VisualStudio/TeamTest/2010">
  <TestSettings name="Local" id="368e879d-e959-4889-810e-dd16780118e7">
    <Description>These are default test settings for a local test run.</Description>
    <Deployment enabled="false" runDeploymentRoot="moctis_MOCPC 2012-02-27 01_27_09" />
    <Execution>
      <TestTypeSpecific />
      <AgentRule name="Execution Agents">
      </AgentRule>
    </Execution>
  </TestSettings>
  <Times creation="2012-02-27T01:27:09.5154844+07:00" queuing="2012-02-27T01:27:10.0945859+07:00" start="2012-02-27T01:27:10.5164609+07:00" finish="2012-02-27T01:27:13.4051328+07:00" />
  <ResultSummary outcome="Completed">
    <Counters total="1" executed="1" passed="1" error="0" failed="0" timeout="0" aborted="0" inconclusive="0" passedButRunAborted="0" notRunnable="0" notExecuted="0" disconnected="0" warning="0" completed="0" inProgress="0" pending="0" />
  </ResultSummary>
  <TestDefinitions>
    <UnitTest name="ProcessTest" storage="d:\projects\gamebot\testproject1\bin\debug\testproject1.dll" id="f8c6f141-cbd8-5fb9-aab2-e8a6d32ccf66">
      <Execution timeOut="1800000" id="c09b0007-80c2-4150-ab1a-e0f0ca34eb0e" />
      <TestMethod codeBase="D:/Projects/GameBot/TestProject1/bin/Debug/TestProject1.DLL" adapterTypeName="Microsoft.VisualStudio.TestTools.TestTypes.Unit.UnitTestAdapter, Microsoft.VisualStudio.QualityTools.Tips.UnitTest.Adapter, Version=10.0.0.0, Culture=neutral, PublicKeyToken=b03f5f7f11d50a3a" className="TestProject1.MoveCargoAITest, TestProject1, Version=1.0.0.0, Culture=neutral, PublicKeyToken=null" name="ProcessTest" />
    </UnitTest>
  </TestDefinitions>
  <TestLists>
    <TestList name="Results Not in a List" id="8c84fa94-04c1-424b-9868-57a2d4851a1d" />
    <TestList name="All Loaded Results" id="19431567-8539-422a-85d7-44ee4e166bda" />
  </TestLists>
  <TestEntries>
    <TestEntry testId="f8c6f141-cbd8-5fb9-aab2-e8a6d32ccf66" executionId="c09b0007-80c2-4150-ab1a-e0f0ca34eb0e" testListId="8c84fa94-04c1-424b-9868-57a2d4851a1d" />
  </TestEntries>
  <Results>
    <UnitTestResult executionId="c09b0007-80c2-4150-ab1a-e0f0ca34eb0e" testId="f8c6f141-cbd8-5fb9-aab2-e8a6d32ccf66" testName="ProcessTest" computerName="MOCPC" duration="00:00:02.3859313" startTime="2012-02-27T01:27:10.6775937+07:00" endTime="2012-02-27T01:27:13.2127500+07:00" testType="13cdc9d9-ddb5-4fa4-a97d-d965ccfc6d4b" outcome="Passed" testListId="8c84fa94-04c1-424b-9868-57a2d4851a1d" relativeResultsDirectory="c09b0007-80c2-4150-ab1a-e0f0ca34eb0e">
    </UnitTestResult>
  </Results>
</TestRun>