<?xml version="1.0" encoding="UTF-8"?>
<TestRun id="134ade25-c79b-4ffe-988d-862b400b3d27" name="moctis@MOCPC 2012-02-26 19:56:02" runUser="MocPC\moctis" xmlns="http://microsoft.com/schemas/VisualStudio/TeamTest/2010">
  <TestSettings name="Local" id="368e879d-e959-4889-810e-dd16780118e7">
    <Description>These are default test settings for a local test run.</Description>
    <Deployment enabled="false" runDeploymentRoot="moctis_MOCPC 2012-02-26 19_56_02" />
    <Execution>
      <TestTypeSpecific />
      <AgentRule name="Execution Agents">
      </AgentRule>
    </Execution>
  </TestSettings>
  <Times creation="2012-02-26T19:56:02.2137265+07:00" queuing="2012-02-26T19:56:02.6844297+07:00" start="2012-02-26T19:56:03.0897031+07:00" finish="2012-02-26T19:56:03.5750547+07:00" />
  <ResultSummary outcome="Completed">
    <Counters total="1" executed="1" passed="1" error="0" failed="0" timeout="0" aborted="0" inconclusive="0" passedButRunAborted="0" notRunnable="0" notExecuted="0" disconnected="0" warning="0" completed="0" inProgress="0" pending="0" />
  </ResultSummary>
  <TestDefinitions>
    <UnitTest name="SaveToFileTest" storage="d:\projects\gamebot\testproject1\bin\debug\testproject1.dll" id="94a4fce1-daf8-08b1-29f8-9b994fcdbe1b">
      <Execution timeOut="1800000" id="e068344d-e0ea-4b0b-b60e-0d2bdabfcd9a" />
      <TestMethod codeBase="D:/Projects/GameBot/TestProject1/bin/Debug/TestProject1.DLL" adapterTypeName="Microsoft.VisualStudio.TestTools.TestTypes.Unit.UnitTestAdapter, Microsoft.VisualStudio.QualityTools.Tips.UnitTest.Adapter, Version=10.0.0.0, Culture=neutral, PublicKeyToken=b03f5f7f11d50a3a" className="TestProject1.EveScreenTest, TestProject1, Version=1.0.0.0, Culture=neutral, PublicKeyToken=null" name="SaveToFileTest" />
    </UnitTest>
  </TestDefinitions>
  <TestLists>
    <TestList name="Results Not in a List" id="8c84fa94-04c1-424b-9868-57a2d4851a1d" />
    <TestList name="All Loaded Results" id="19431567-8539-422a-85d7-44ee4e166bda" />
  </TestLists>
  <TestEntries>
    <TestEntry testId="94a4fce1-daf8-08b1-29f8-9b994fcdbe1b" executionId="e068344d-e0ea-4b0b-b60e-0d2bdabfcd9a" testListId="8c84fa94-04c1-424b-9868-57a2d4851a1d" />
  </TestEntries>
  <Results>
    <UnitTestResult executionId="e068344d-e0ea-4b0b-b60e-0d2bdabfcd9a" testId="94a4fce1-daf8-08b1-29f8-9b994fcdbe1b" testName="SaveToFileTest" computerName="MOCPC" duration="00:00:00.2329010" startTime="2012-02-26T19:56:03.1375547+07:00" endTime="2012-02-26T19:56:03.4666562+07:00" testType="13cdc9d9-ddb5-4fa4-a97d-d965ccfc6d4b" outcome="Passed" testListId="8c84fa94-04c1-424b-9868-57a2d4851a1d" relativeResultsDirectory="e068344d-e0ea-4b0b-b60e-0d2bdabfcd9a">
    </UnitTestResult>
  </Results>
</TestRun>