<?xml version="1.0" encoding="UTF-8"?>
<TestRun id="5220a63e-9c30-4972-a075-55fdcbf5d4c0" name="moctis@MOCPC 2012-02-27 01:28:47" runUser="MocPC\moctis" xmlns="http://microsoft.com/schemas/VisualStudio/TeamTest/2010">
  <TestSettings name="Local" id="368e879d-e959-4889-810e-dd16780118e7">
    <Description>These are default test settings for a local test run.</Description>
    <Deployment enabled="false" runDeploymentRoot="moctis_MOCPC 2012-02-27 01_28_47" />
    <Execution>
      <TestTypeSpecific />
      <AgentRule name="Execution Agents">
      </AgentRule>
    </Execution>
  </TestSettings>
  <Times creation="2012-02-27T01:28:47.1746640+07:00" queuing="2012-02-27T01:28:47.8729062+07:00" start="2012-02-27T01:28:48.7391172+07:00" finish="2012-02-27T01:28:51.5779844+07:00" />
  <ResultSummary outcome="Completed">
    <Counters total="1" executed="1" passed="1" error="0" failed="0" timeout="0" aborted="0" inconclusive="0" passedButRunAborted="0" notRunnable="0" notExecuted="0" disconnected="0" warning="0" completed="0" inProgress="0" pending="0" />
  </ResultSummary>
  <TestDefinitions>
    <UnitTest name="ProcessTest" storage="d:\projects\gamebot\testproject1\bin\debug\testproject1.dll" id="f8c6f141-cbd8-5fb9-aab2-e8a6d32ccf66">
      <Execution timeOut="1800000" id="cc28c0c6-7942-461f-9ce2-403a0faee485" />
      <TestMethod codeBase="D:/Projects/GameBot/TestProject1/bin/Debug/TestProject1.DLL" adapterTypeName="Microsoft.VisualStudio.TestTools.TestTypes.Unit.UnitTestAdapter, Microsoft.VisualStudio.QualityTools.Tips.UnitTest.Adapter, Version=10.0.0.0, Culture=neutral, PublicKeyToken=b03f5f7f11d50a3a" className="TestProject1.MoveCargoAITest, TestProject1, Version=1.0.0.0, Culture=neutral, PublicKeyToken=null" name="ProcessTest" />
    </UnitTest>
  </TestDefinitions>
  <TestLists>
    <TestList name="Results Not in a List" id="8c84fa94-04c1-424b-9868-57a2d4851a1d" />
    <TestList name="All Loaded Results" id="19431567-8539-422a-85d7-44ee4e166bda" />
  </TestLists>
  <TestEntries>
    <TestEntry testId="f8c6f141-cbd8-5fb9-aab2-e8a6d32ccf66" executionId="cc28c0c6-7942-461f-9ce2-403a0faee485" testListId="8c84fa94-04c1-424b-9868-57a2d4851a1d" />
  </TestEntries>
  <Results>
    <UnitTestResult executionId="cc28c0c6-7942-461f-9ce2-403a0faee485" testId="f8c6f141-cbd8-5fb9-aab2-e8a6d32ccf66" testName="ProcessTest" computerName="MOCPC" duration="00:00:02.3776187" startTime="2012-02-27T01:28:48.8904844+07:00" endTime="2012-02-27T01:28:51.3709531+07:00" testType="13cdc9d9-ddb5-4fa4-a97d-d965ccfc6d4b" outcome="Passed" testListId="8c84fa94-04c1-424b-9868-57a2d4851a1d" relativeResultsDirectory="cc28c0c6-7942-461f-9ce2-403a0faee485">
    </UnitTestResult>
  </Results>
</TestRun>