<?xml version="1.0" encoding="UTF-8"?>
<TestRun id="b1e060cb-ff0d-4ead-b0d4-c48ca4030aa5" name="moctis@MOCPC 2012-02-22 01:09:53" runUser="MocPC\moctis" xmlns="http://microsoft.com/schemas/VisualStudio/TeamTest/2010">
  <TestSettings name="Local" id="368e879d-e959-4889-810e-dd16780118e7">
    <Description>These are default test settings for a local test run.</Description>
    <Deployment enabled="false" runDeploymentRoot="moctis_MOCPC 2012-02-22 01_09_53" />
    <Execution>
      <TestTypeSpecific />
      <AgentRule name="Execution Agents">
      </AgentRule>
    </Execution>
  </TestSettings>
  <Times creation="2012-02-22T01:09:53.2988281+07:00" queuing="2012-02-22T01:09:53.6708984+07:00" start="2012-02-22T01:09:54.0869140+07:00" finish="2012-02-22T01:09:54.4267578+07:00" />
  <ResultSummary outcome="Completed">
    <Counters total="1" executed="1" passed="1" error="0" failed="0" timeout="0" aborted="0" inconclusive="0" passedButRunAborted="0" notRunnable="0" notExecuted="0" disconnected="0" warning="0" completed="0" inProgress="0" pending="0" />
  </ResultSummary>
  <TestDefinitions>
    <UnitTest name="EnvConstructorTest" storage="d:\projects\gamebot\testproject1\bin\debug\testproject1.dll" id="55971bf3-69c7-0bfe-2d1f-c4ec3fc53bc6">
      <Execution timeOut="1800000" id="fb8793a2-8b18-417a-8067-99d9dd510b39" />
      <TestMethod codeBase="D:/Projects/GameBot/TestProject1/bin/Debug/TestProject1.DLL" adapterTypeName="Microsoft.VisualStudio.TestTools.TestTypes.Unit.UnitTestAdapter, Microsoft.VisualStudio.QualityTools.Tips.UnitTest.Adapter, Version=10.0.0.0, Culture=neutral, PublicKeyToken=b03f5f7f11d50a3a" className="TestProject1.EnvTest, TestProject1, Version=1.0.0.0, Culture=neutral, PublicKeyToken=null" name="EnvConstructorTest" />
    </UnitTest>
  </TestDefinitions>
  <TestLists>
    <TestList name="Results Not in a List" id="8c84fa94-04c1-424b-9868-57a2d4851a1d" />
    <TestList name="All Loaded Results" id="19431567-8539-422a-85d7-44ee4e166bda" />
  </TestLists>
  <TestEntries>
    <TestEntry testId="55971bf3-69c7-0bfe-2d1f-c4ec3fc53bc6" executionId="fb8793a2-8b18-417a-8067-99d9dd510b39" testListId="8c84fa94-04c1-424b-9868-57a2d4851a1d" />
  </TestEntries>
  <Results>
    <UnitTestResult executionId="fb8793a2-8b18-417a-8067-99d9dd510b39" testId="55971bf3-69c7-0bfe-2d1f-c4ec3fc53bc6" testName="EnvConstructorTest" computerName="MOCPC" duration="00:00:00.0829109" startTime="2012-02-22T01:09:54.1396484+07:00" endTime="2012-02-22T01:09:54.3222656+07:00" testType="13cdc9d9-ddb5-4fa4-a97d-d965ccfc6d4b" outcome="Passed" testListId="8c84fa94-04c1-424b-9868-57a2d4851a1d" relativeResultsDirectory="fb8793a2-8b18-417a-8067-99d9dd510b39">
      <Output>
        <StdOut>MoctisG</StdOut>
      </Output>
    </UnitTestResult>
  </Results>
</TestRun>