<?xml version="1.0" encoding="UTF-8"?>
<TestRun id="41bcb1d6-07e8-48eb-84be-1cd67f004dd0" name="moctis@MOCPC 2012-02-26 21:37:00" runUser="MocPC\moctis" xmlns="http://microsoft.com/schemas/VisualStudio/TeamTest/2010">
  <TestSettings name="Local" id="368e879d-e959-4889-810e-dd16780118e7">
    <Description>These are default test settings for a local test run.</Description>
    <Deployment enabled="false" runDeploymentRoot="moctis_MOCPC 2012-02-26 21_37_00" />
    <Execution>
      <TestTypeSpecific />
      <AgentRule name="Execution Agents">
      </AgentRule>
    </Execution>
  </TestSettings>
  <Times creation="2012-02-26T21:37:00.0965390+07:00" queuing="2012-02-26T21:37:00.7332578+07:00" start="2012-02-26T21:37:01.4129453+07:00" finish="2012-02-26T21:37:02.5672422+07:00" />
  <ResultSummary outcome="Completed">
    <Counters total="1" executed="1" passed="1" error="0" failed="0" timeout="0" aborted="0" inconclusive="0" passedButRunAborted="0" notRunnable="0" notExecuted="0" disconnected="0" warning="0" completed="0" inProgress="0" pending="0" />
  </ResultSummary>
  <TestDefinitions>
    <UnitTest name="SaveToFileTest" storage="d:\projects\gamebot\testproject1\bin\debug\testproject1.dll" id="94a4fce1-daf8-08b1-29f8-9b994fcdbe1b">
      <Execution timeOut="1800000" id="4164c0a5-f2bb-48d5-a93a-84dbb930b18a" />
      <TestMethod codeBase="D:/Projects/GameBot/TestProject1/bin/Debug/TestProject1.DLL" adapterTypeName="Microsoft.VisualStudio.TestTools.TestTypes.Unit.UnitTestAdapter, Microsoft.VisualStudio.QualityTools.Tips.UnitTest.Adapter, Version=10.0.0.0, Culture=neutral, PublicKeyToken=b03f5f7f11d50a3a" className="TestProject1.EveScreenTest, TestProject1, Version=1.0.0.0, Culture=neutral, PublicKeyToken=null" name="SaveToFileTest" />
    </UnitTest>
  </TestDefinitions>
  <TestLists>
    <TestList name="Results Not in a List" id="8c84fa94-04c1-424b-9868-57a2d4851a1d" />
    <TestList name="All Loaded Results" id="19431567-8539-422a-85d7-44ee4e166bda" />
  </TestLists>
  <TestEntries>
    <TestEntry testId="94a4fce1-daf8-08b1-29f8-9b994fcdbe1b" executionId="4164c0a5-f2bb-48d5-a93a-84dbb930b18a" testListId="8c84fa94-04c1-424b-9868-57a2d4851a1d" />
  </TestEntries>
  <Results>
    <UnitTestResult executionId="4164c0a5-f2bb-48d5-a93a-84dbb930b18a" testId="94a4fce1-daf8-08b1-29f8-9b994fcdbe1b" testName="SaveToFileTest" computerName="MOCPC" duration="00:00:00.5937743" startTime="2012-02-26T21:37:01.5330625+07:00" endTime="2012-02-26T21:37:02.3191953+07:00" testType="13cdc9d9-ddb5-4fa4-a97d-d965ccfc6d4b" outcome="Passed" testListId="8c84fa94-04c1-424b-9868-57a2d4851a1d" relativeResultsDirectory="4164c0a5-f2bb-48d5-a93a-84dbb930b18a">
    </UnitTestResult>
  </Results>
</TestRun>