<?xml version="1.0" encoding="UTF-8"?>
<TestRun id="f5637954-5645-43da-a13b-d19543c5e516" name="moctis@MOCPC 2012-02-26 02:16:06" runUser="MocPC\moctis" xmlns="http://microsoft.com/schemas/VisualStudio/TeamTest/2010">
  <TestSettings name="Local" id="368e879d-e959-4889-810e-dd16780118e7">
    <Description>These are default test settings for a local test run.</Description>
    <Deployment enabled="false" runDeploymentRoot="moctis_MOCPC 2012-02-26 02_16_06" />
    <Execution>
      <TestTypeSpecific />
      <AgentRule name="Execution Agents">
      </AgentRule>
    </Execution>
  </TestSettings>
  <Times creation="2012-02-26T02:16:06.1861797+07:00" queuing="2012-02-26T02:16:07.1666485+07:00" start="2012-02-26T02:16:07.7711407+07:00" finish="2012-02-26T02:16:08.3102032+07:00" />
  <ResultSummary outcome="Completed">
    <Counters total="1" executed="1" passed="1" error="0" failed="0" timeout="0" aborted="0" inconclusive="0" passedButRunAborted="0" notRunnable="0" notExecuted="0" disconnected="0" warning="0" completed="0" inProgress="0" pending="0" />
  </ResultSummary>
  <TestDefinitions>
    <UnitTest name="MoveToTest" storage="d:\projects\gamebot\testproject1\bin\debug\testproject1.dll" id="ef8aeb60-6dff-6477-ae9f-7fd01843c5fa">
      <Execution timeOut="1800000" id="f582f681-4d84-475e-85fc-8e420939bfe1" />
      <TestMethod codeBase="D:/Projects/GameBot/TestProject1/bin/Debug/TestProject1.DLL" adapterTypeName="Microsoft.VisualStudio.TestTools.TestTypes.Unit.UnitTestAdapter, Microsoft.VisualStudio.QualityTools.Tips.UnitTest.Adapter, Version=10.0.0.0, Culture=neutral, PublicKeyToken=b03f5f7f11d50a3a" className="TestProject1.MouseTest, TestProject1, Version=1.0.0.0, Culture=neutral, PublicKeyToken=null" name="MoveToTest" />
    </UnitTest>
  </TestDefinitions>
  <TestLists>
    <TestList name="Results Not in a List" id="8c84fa94-04c1-424b-9868-57a2d4851a1d" />
    <TestList name="All Loaded Results" id="19431567-8539-422a-85d7-44ee4e166bda" />
  </TestLists>
  <TestEntries>
    <TestEntry testId="ef8aeb60-6dff-6477-ae9f-7fd01843c5fa" executionId="f582f681-4d84-475e-85fc-8e420939bfe1" testListId="8c84fa94-04c1-424b-9868-57a2d4851a1d" />
  </TestEntries>
  <Results>
    <UnitTestResult executionId="f582f681-4d84-475e-85fc-8e420939bfe1" testId="ef8aeb60-6dff-6477-ae9f-7fd01843c5fa" testName="MoveToTest" computerName="MOCPC" duration="00:00:00.0883261" startTime="2012-02-26T02:16:07.8922344+07:00" endTime="2012-02-26T02:16:08.1061016+07:00" testType="13cdc9d9-ddb5-4fa4-a97d-d965ccfc6d4b" outcome="Passed" testListId="8c84fa94-04c1-424b-9868-57a2d4851a1d" relativeResultsDirectory="f582f681-4d84-475e-85fc-8e420939bfe1">
    </UnitTestResult>
  </Results>
</TestRun>