<?xml version="1.0" encoding="UTF-8"?>
<TestRun id="0d9b8f5d-0be6-4a37-94c9-8eda4bd9aa92" name="moctis@MOCPC 2012-02-22 01:06:03" runUser="MocPC\moctis" xmlns="http://microsoft.com/schemas/VisualStudio/TeamTest/2010">
  <TestSettings name="Local" id="368e879d-e959-4889-810e-dd16780118e7">
    <Description>These are default test settings for a local test run.</Description>
    <Deployment enabled="false" runDeploymentRoot="moctis_MOCPC 2012-02-22 01_06_03" />
    <Execution>
      <TestTypeSpecific />
      <AgentRule name="Execution Agents">
      </AgentRule>
    </Execution>
  </TestSettings>
  <Times creation="2012-02-22T01:06:03.9443359+07:00" queuing="2012-02-22T01:06:04.8847656+07:00" start="2012-02-22T01:06:05.4921875+07:00" finish="2012-02-22T01:06:05.9902343+07:00" />
  <ResultSummary outcome="Completed">
    <Counters total="1" executed="1" passed="1" error="0" failed="0" timeout="0" aborted="0" inconclusive="0" passedButRunAborted="0" notRunnable="0" notExecuted="0" disconnected="0" warning="0" completed="0" inProgress="0" pending="0" />
  </ResultSummary>
  <TestDefinitions>
    <UnitTest name="EnvConstructorTest" storage="d:\projects\gamebot\testproject1\bin\debug\testproject1.dll" id="55971bf3-69c7-0bfe-2d1f-c4ec3fc53bc6">
      <Execution timeOut="1800000" id="61627151-3fc7-4ccb-9cc9-147515836970" />
      <TestMethod codeBase="D:/Projects/GameBot/TestProject1/bin/Debug/TestProject1.DLL" adapterTypeName="Microsoft.VisualStudio.TestTools.TestTypes.Unit.UnitTestAdapter, Microsoft.VisualStudio.QualityTools.Tips.UnitTest.Adapter, Version=10.0.0.0, Culture=neutral, PublicKeyToken=b03f5f7f11d50a3a" className="TestProject1.EnvTest, TestProject1, Version=1.0.0.0, Culture=neutral, PublicKeyToken=null" name="EnvConstructorTest" />
    </UnitTest>
  </TestDefinitions>
  <TestLists>
    <TestList name="Results Not in a List" id="8c84fa94-04c1-424b-9868-57a2d4851a1d" />
    <TestList name="All Loaded Results" id="19431567-8539-422a-85d7-44ee4e166bda" />
  </TestLists>
  <TestEntries>
    <TestEntry testId="55971bf3-69c7-0bfe-2d1f-c4ec3fc53bc6" executionId="61627151-3fc7-4ccb-9cc9-147515836970" testListId="8c84fa94-04c1-424b-9868-57a2d4851a1d" />
  </TestEntries>
  <Results>
    <UnitTestResult executionId="61627151-3fc7-4ccb-9cc9-147515836970" testId="55971bf3-69c7-0bfe-2d1f-c4ec3fc53bc6" testName="EnvConstructorTest" computerName="MOCPC" duration="00:00:00.1250610" startTime="2012-02-22T01:06:05.6591796+07:00" endTime="2012-02-22T01:06:05.8681640+07:00" testType="13cdc9d9-ddb5-4fa4-a97d-d965ccfc6d4b" outcome="Passed" testListId="8c84fa94-04c1-424b-9868-57a2d4851a1d" relativeResultsDirectory="61627151-3fc7-4ccb-9cc9-147515836970">
    </UnitTestResult>
  </Results>
</TestRun>