<?xml version="1.0" encoding="UTF-8"?>
<TestRun id="60abeed7-18e9-41d3-93ad-a9b2cb85f45d" name="sitthidate@SITTHIDATE-PC 2012-02-16 10:20:41" runUser="SPHINXPARTNERS\sitthidate" xmlns="http://microsoft.com/schemas/VisualStudio/TeamTest/2010">
  <TestSettings name="Local" id="368e879d-e959-4889-810e-dd16780118e7">
    <Description>These are default test settings for a local test run.</Description>
    <Deployment enabled="false" runDeploymentRoot="sitthidate_SITTHIDATE-PC 2012-02-16 10_20_41" />
    <Execution>
      <TestTypeSpecific />
      <AgentRule name="Execution Agents">
      </AgentRule>
    </Execution>
  </TestSettings>
  <Times creation="2012-02-16T10:20:41.8818999+07:00" queuing="2012-02-16T10:20:42.0869204+07:00" start="2012-02-16T10:20:42.2359353+07:00" finish="2012-02-16T10:20:42.4819599+07:00" />
  <ResultSummary outcome="Failed">
    <Counters total="2" executed="2" passed="1" error="0" failed="1" timeout="0" aborted="0" inconclusive="0" passedButRunAborted="0" notRunnable="0" notExecuted="0" disconnected="0" warning="0" completed="0" inProgress="0" pending="0" />
    <RunInfos>
      <RunInfo computerName="SITTHIDATE-PC" outcome="Warning" timestamp="2012-02-16T10:20:41.9639081+07:00">
        <Text>Deployment is currently disabled. The deployment item 'EVEBotAI.dll' on test 'TestProject1.TestTest.testTest' was not deployed.</Text>
      </RunInfo>
    </RunInfos>
  </ResultSummary>
  <TestDefinitions>
    <UnitTest name="testTest" storage="d:\my projects\gamebot\testproject1\bin\debug\testproject1.dll" id="ba8b96cc-ddc1-2a00-c394-dc03c4b8b241">
      <Execution timeOut="1800000" id="3bb2996a-1189-4a5d-97a0-d2dc8d4903b6" />
      <DeploymentItems>
        <DeploymentItem filename="EVEBotAI.dll" />
      </DeploymentItems>
      <TestMethod codeBase="D:/My Projects/GameBot/TestProject1/bin/Debug/TestProject1.DLL" adapterTypeName="Microsoft.VisualStudio.TestTools.TestTypes.Unit.UnitTestAdapter, Microsoft.VisualStudio.QualityTools.Tips.UnitTest.Adapter, Version=10.0.0.0, Culture=neutral, PublicKeyToken=b03f5f7f11d50a3a" className="TestProject1.TestTest, TestProject1, Version=1.0.0.0, Culture=neutral, PublicKeyToken=null" name="testTest" />
    </UnitTest>
    <UnitTest name="Test" storage="d:\my projects\gamebot\testproject1\bin\debug\testproject1.dll" id="1adff1aa-7096-0052-a6e7-2679b40a8eb6">
      <Execution timeOut="1800000" id="b2ee1c49-6c6b-42e3-a77a-9e64c2eb2649" />
      <TestMethod codeBase="D:/My Projects/GameBot/TestProject1/bin/Debug/TestProject1.DLL" adapterTypeName="Microsoft.VisualStudio.TestTools.TestTypes.Unit.UnitTestAdapter, Microsoft.VisualStudio.QualityTools.Tips.UnitTest.Adapter, Version=10.0.0.0, Culture=neutral, PublicKeyToken=b03f5f7f11d50a3a" className="TestProject1.TestTest, TestProject1, Version=1.0.0.0, Culture=neutral, PublicKeyToken=null" name="Test" />
    </UnitTest>
  </TestDefinitions>
  <TestLists>
    <TestList name="Results Not in a List" id="8c84fa94-04c1-424b-9868-57a2d4851a1d" />
    <TestList name="All Loaded Results" id="19431567-8539-422a-85d7-44ee4e166bda" />
  </TestLists>
  <TestEntries>
    <TestEntry testId="1adff1aa-7096-0052-a6e7-2679b40a8eb6" executionId="b2ee1c49-6c6b-42e3-a77a-9e64c2eb2649" testListId="8c84fa94-04c1-424b-9868-57a2d4851a1d" />
    <TestEntry testId="ba8b96cc-ddc1-2a00-c394-dc03c4b8b241" executionId="3bb2996a-1189-4a5d-97a0-d2dc8d4903b6" testListId="8c84fa94-04c1-424b-9868-57a2d4851a1d" />
  </TestEntries>
  <Results>
    <UnitTestResult executionId="b2ee1c49-6c6b-42e3-a77a-9e64c2eb2649" testId="1adff1aa-7096-0052-a6e7-2679b40a8eb6" testName="Test" computerName="SITTHIDATE-PC" duration="00:00:00.0095850" startTime="2012-02-16T10:20:42.2729390+07:00" endTime="2012-02-16T10:20:42.3299447+07:00" testType="13cdc9d9-ddb5-4fa4-a97d-d965ccfc6d4b" outcome="Passed" testListId="8c84fa94-04c1-424b-9868-57a2d4851a1d" relativeResultsDirectory="b2ee1c49-6c6b-42e3-a77a-9e64c2eb2649">
      <Output>
        <StdOut>New1
Continue1</StdOut>
      </Output>
    </UnitTestResult>
    <UnitTestResult executionId="3bb2996a-1189-4a5d-97a0-d2dc8d4903b6" testId="ba8b96cc-ddc1-2a00-c394-dc03c4b8b241" testName="testTest" computerName="SITTHIDATE-PC" duration="00:00:00.0986891" startTime="2012-02-16T10:20:42.3319449+07:00" endTime="2012-02-16T10:20:42.4309548+07:00" testType="13cdc9d9-ddb5-4fa4-a97d-d965ccfc6d4b" outcome="Failed" testListId="8c84fa94-04c1-424b-9868-57a2d4851a1d" relativeResultsDirectory="3bb2996a-1189-4a5d-97a0-d2dc8d4903b6">
      <Output>
        <ErrorInfo>
          <Message>Test method TestProject1.TestTest.testTest threw exception: 
System.NullReferenceException: Object reference not set to an instance of an object.</Message>
          <StackTrace>   at EVEBotAI.Test_Accessor.test()
   at TestProject1.TestTest.testTest() in D:\My Projects\GameBot\TestProject1\TestTest.cs:line 64
</StackTrace>
        </ErrorInfo>
      </Output>
    </UnitTestResult>
  </Results>
</TestRun>