<?xml version="1.0" encoding="UTF-8"?>
<TestRun id="08f721b4-53b8-4ccb-8f0d-b11fa28bb0ed" name="sitthidate@SITTHIDATE-PC 2012-02-16 10:43:43" runUser="SPHINXPARTNERS\sitthidate" xmlns="http://microsoft.com/schemas/VisualStudio/TeamTest/2010">
  <TestSettings name="Local" id="368e879d-e959-4889-810e-dd16780118e7">
    <Description>These are default test settings for a local test run.</Description>
    <Deployment enabled="false" runDeploymentRoot="sitthidate_SITTHIDATE-PC 2012-02-16 10_43_43" />
    <Execution>
      <TestTypeSpecific />
      <AgentRule name="Execution Agents">
      </AgentRule>
    </Execution>
  </TestSettings>
  <Times creation="2012-02-16T10:43:43.8630842+07:00" queuing="2012-02-16T10:43:44.0471026+07:00" start="2012-02-16T10:43:44.1881167+07:00" finish="2012-02-16T10:43:44.4371416+07:00" />
  <ResultSummary outcome="Failed">
    <Counters total="2" executed="2" passed="1" error="0" failed="1" timeout="0" aborted="0" inconclusive="0" passedButRunAborted="0" notRunnable="0" notExecuted="0" disconnected="0" warning="0" completed="0" inProgress="0" pending="0" />
    <RunInfos>
      <RunInfo computerName="SITTHIDATE-PC" outcome="Warning" timestamp="2012-02-16T10:43:43.9400919+07:00">
        <Text>Deployment is currently disabled. The deployment item 'EVEBotAI.dll' on test 'TestProject1.TestTest.testTest' was not deployed.</Text>
      </RunInfo>
    </RunInfos>
  </ResultSummary>
  <TestDefinitions>
    <UnitTest name="testTest" storage="d:\my projects\gamebot\testproject1\bin\debug\testproject1.dll" id="ba8b96cc-ddc1-2a00-c394-dc03c4b8b241">
      <Execution timeOut="1800000" id="5e3d8e53-e998-4636-990e-2f9e22230561" />
      <DeploymentItems>
        <DeploymentItem filename="EVEBotAI.dll" />
      </DeploymentItems>
      <TestMethod codeBase="D:/My Projects/GameBot/TestProject1/bin/Debug/TestProject1.DLL" adapterTypeName="Microsoft.VisualStudio.TestTools.TestTypes.Unit.UnitTestAdapter, Microsoft.VisualStudio.QualityTools.Tips.UnitTest.Adapter, Version=10.0.0.0, Culture=neutral, PublicKeyToken=b03f5f7f11d50a3a" className="TestProject1.TestTest, TestProject1, Version=1.0.0.0, Culture=neutral, PublicKeyToken=null" name="testTest" />
    </UnitTest>
    <UnitTest name="Test" storage="d:\my projects\gamebot\testproject1\bin\debug\testproject1.dll" id="1adff1aa-7096-0052-a6e7-2679b40a8eb6">
      <Execution timeOut="1800000" id="506cf9a9-f1c6-4242-8667-004ec63ef085" />
      <TestMethod codeBase="D:/My Projects/GameBot/TestProject1/bin/Debug/TestProject1.DLL" adapterTypeName="Microsoft.VisualStudio.TestTools.TestTypes.Unit.UnitTestAdapter, Microsoft.VisualStudio.QualityTools.Tips.UnitTest.Adapter, Version=10.0.0.0, Culture=neutral, PublicKeyToken=b03f5f7f11d50a3a" className="TestProject1.TestTest, TestProject1, Version=1.0.0.0, Culture=neutral, PublicKeyToken=null" name="Test" />
    </UnitTest>
  </TestDefinitions>
  <TestLists>
    <TestList name="Results Not in a List" id="8c84fa94-04c1-424b-9868-57a2d4851a1d" />
    <TestList name="All Loaded Results" id="19431567-8539-422a-85d7-44ee4e166bda" />
  </TestLists>
  <TestEntries>
    <TestEntry testId="1adff1aa-7096-0052-a6e7-2679b40a8eb6" executionId="506cf9a9-f1c6-4242-8667-004ec63ef085" testListId="8c84fa94-04c1-424b-9868-57a2d4851a1d" />
    <TestEntry testId="ba8b96cc-ddc1-2a00-c394-dc03c4b8b241" executionId="5e3d8e53-e998-4636-990e-2f9e22230561" testListId="8c84fa94-04c1-424b-9868-57a2d4851a1d" />
  </TestEntries>
  <Results>
    <UnitTestResult executionId="506cf9a9-f1c6-4242-8667-004ec63ef085" testId="1adff1aa-7096-0052-a6e7-2679b40a8eb6" testName="Test" computerName="SITTHIDATE-PC" duration="00:00:00.0103437" startTime="2012-02-16T10:43:44.2371216+07:00" endTime="2012-02-16T10:43:44.3001279+07:00" testType="13cdc9d9-ddb5-4fa4-a97d-d965ccfc6d4b" outcome="Passed" testListId="8c84fa94-04c1-424b-9868-57a2d4851a1d" relativeResultsDirectory="506cf9a9-f1c6-4242-8667-004ec63ef085">
      <Output>
        <StdOut>New1</StdOut>
      </Output>
    </UnitTestResult>
    <UnitTestResult executionId="5e3d8e53-e998-4636-990e-2f9e22230561" testId="ba8b96cc-ddc1-2a00-c394-dc03c4b8b241" testName="testTest" computerName="SITTHIDATE-PC" duration="00:00:00.0896564" startTime="2012-02-16T10:43:44.3011280+07:00" endTime="2012-02-16T10:43:44.3911370+07:00" testType="13cdc9d9-ddb5-4fa4-a97d-d965ccfc6d4b" outcome="Failed" testListId="8c84fa94-04c1-424b-9868-57a2d4851a1d" relativeResultsDirectory="5e3d8e53-e998-4636-990e-2f9e22230561">
      <Output>
        <ErrorInfo>
          <Message>Test method TestProject1.TestTest.testTest threw exception: 
System.NullReferenceException: Object reference not set to an instance of an object.</Message>
          <StackTrace>   at EVEBotAI.Test_Accessor.test()
   at TestProject1.TestTest.testTest() in D:\My Projects\GameBot\TestProject1\TestTest.cs:line 64
</StackTrace>
        </ErrorInfo>
      </Output>
    </UnitTestResult>
  </Results>
</TestRun>