<?xml version="1.0" encoding="UTF-8"?>
<TestRun id="3e518458-8992-438c-a518-6fe1ecd2373f" name="sitthidate@SITTHIDATE-PC 2012-02-16 09:36:55" runUser="SPHINXPARTNERS\sitthidate" xmlns="http://microsoft.com/schemas/VisualStudio/TeamTest/2010">
  <TestSettings name="Local" id="368e879d-e959-4889-810e-dd16780118e7">
    <Description>These are default test settings for a local test run.</Description>
    <Deployment enabled="false" runDeploymentRoot="sitthidate_SITTHIDATE-PC 2012-02-16 09_36_55" />
    <Execution>
      <TestTypeSpecific />
      <AgentRule name="Execution Agents">
      </AgentRule>
    </Execution>
  </TestSettings>
  <Times creation="2012-02-16T09:36:55.0245193+07:00" queuing="2012-02-16T09:36:55.2275599+07:00" start="2012-02-16T09:36:55.3665877+07:00" finish="2012-02-16T09:36:55.8486841+07:00" />
  <ResultSummary outcome="Failed">
    <Counters total="1" executed="1" error="0" failed="1" timeout="0" aborted="0" inconclusive="0" passedButRunAborted="0" notRunnable="0" notExecuted="0" disconnected="0" warning="0" passed="0" completed="0" inProgress="0" pending="0" />
    <RunInfos>
      <RunInfo computerName="SITTHIDATE-PC" outcome="Warning" timestamp="2012-02-16T09:36:55.0985341+07:00">
        <Text>Deployment is currently disabled. The deployment item 'EVEBotAI.dll' on test 'TestProject1.TestTest.testTest' was not deployed.</Text>
      </RunInfo>
    </RunInfos>
  </ResultSummary>
  <TestDefinitions>
    <UnitTest name="testTest" storage="d:\my projects\gamebot\testproject1\bin\debug\testproject1.dll" id="ba8b96cc-ddc1-2a00-c394-dc03c4b8b241">
      <Execution timeOut="1800000" id="e76a0285-fc95-4160-8bf3-65871bda4d71" />
      <DeploymentItems>
        <DeploymentItem filename="EVEBotAI.dll" />
      </DeploymentItems>
      <TestMethod codeBase="D:/My Projects/GameBot/TestProject1/bin/Debug/TestProject1.DLL" adapterTypeName="Microsoft.VisualStudio.TestTools.TestTypes.Unit.UnitTestAdapter, Microsoft.VisualStudio.QualityTools.Tips.UnitTest.Adapter, Version=10.0.0.0, Culture=neutral, PublicKeyToken=b03f5f7f11d50a3a" className="TestProject1.TestTest, TestProject1, Version=1.0.0.0, Culture=neutral, PublicKeyToken=null" name="testTest" />
    </UnitTest>
  </TestDefinitions>
  <TestLists>
    <TestList name="Results Not in a List" id="8c84fa94-04c1-424b-9868-57a2d4851a1d" />
    <TestList name="All Loaded Results" id="19431567-8539-422a-85d7-44ee4e166bda" />
  </TestLists>
  <TestEntries>
    <TestEntry testId="ba8b96cc-ddc1-2a00-c394-dc03c4b8b241" executionId="e76a0285-fc95-4160-8bf3-65871bda4d71" testListId="8c84fa94-04c1-424b-9868-57a2d4851a1d" />
  </TestEntries>
  <Results>
    <UnitTestResult executionId="e76a0285-fc95-4160-8bf3-65871bda4d71" testId="ba8b96cc-ddc1-2a00-c394-dc03c4b8b241" testName="testTest" computerName="SITTHIDATE-PC" duration="00:00:00.3458463" startTime="2012-02-16T09:36:55.3975939+07:00" endTime="2012-02-16T09:36:55.7836711+07:00" testType="13cdc9d9-ddb5-4fa4-a97d-d965ccfc6d4b" outcome="Failed" testListId="8c84fa94-04c1-424b-9868-57a2d4851a1d" relativeResultsDirectory="e76a0285-fc95-4160-8bf3-65871bda4d71">
      <Output>
        <ErrorInfo>
          <Message>Test method TestProject1.TestTest.testTest threw exception: 
Microsoft.CSharp.RuntimeBinder.RuntimeBinderException: Cannot perform runtime binding on a null reference</Message>
          <StackTrace>   at EVEBotAI.Test_Accessor.test()
   at TestProject1.TestTest.testTest() in D:\My Projects\GameBot\TestProject1\TestTest.cs:line 64
</StackTrace>
        </ErrorInfo>
      </Output>
    </UnitTestResult>
  </Results>
</TestRun>